# JRE version: OpenJDK Runtime Environment (8.0_242) (build 1.8.0_242-release-1644-b3-6222593)
# Java VM: OpenJDK 64-Bit Server VM (25.242-b3-6222593 mixed mode linux-amd64 compressed oops)
Heap:
 PSYoungGen      total 555008K, used 530167K [0x00000000d5580000, 0x0000000100000000, 0x0000000100000000)
  eden space 462848K, 100% used [0x00000000d5580000,0x00000000f1980000,0x00000000f1980000)
  from space 92160K, 73% used [0x00000000f1980000,0x00000000f5b3dd60,0x00000000f7380000)
  to   space 98304K, 67% used [0x00000000fa000000,0x00000000fe104ec8,0x0000000100000000)
 ParOldGen       total 275456K, used 160093K [0x0000000080000000, 0x0000000090d00000, 0x00000000d5580000)
  object space 275456K, 58% used [0x0000000080000000,0x0000000089c57420,0x0000000090d00000)
 Metaspace       used 119424K, capacity 126644K, committed 126808K, reserved 1159168K
  class space    used 15334K, capacity 16649K, committed 16768K, reserved 1048576K
GC Heap History (10 events):
Event: 8672.871 GC heap after
Heap after GC invocations=28 (full 4):
 PSYoungGen      total 475136K, used 70634K [0x00000000d5580000, 0x00000000fd900000, 0x0000000100000000)
  eden space 404480K, 0% used [0x00000000d5580000,0x00000000d5580000,0x00000000ee080000)
  from space 70656K, 99% used [0x00000000f4400000,0x00000000f88fa818,0x00000000f8900000)
  to   space 101888K, 0% used [0x00000000ee080000,0x00000000ee080000,0x00000000f4400000)
 ParOldGen       total 185344K, used 162878K [0x0000000080000000, 0x000000008b500000, 0x00000000d5580000)
  object space 185344K, 87% used [0x0000000080000000,0x0000000089f0fa70,0x000000008b500000)
 Metaspace       used 110710K, capacity 116476K, committed 116568K, reserved 1150976K
  class space    used 14274K, capacity 15422K, committed 15488K, reserved 1048576K
}
Event: 8672.871 GC heap before
{Heap before GC invocations=29 (full 5):
 PSYoungGen      total 475136K, used 70634K [0x00000000d5580000, 0x00000000fd900000, 0x0000000100000000)
  eden space 404480K, 0% used [0x00000000d5580000,0x00000000d5580000,0x00000000ee080000)
  from space 70656K, 99% used [0x00000000f4400000,0x00000000f88fa818,0x00000000f8900000)
  to   space 101888K, 0% used [0x00000000ee080000,0x00000000ee080000,0x00000000f4400000)
 ParOldGen       total 185344K, used 162878K [0x0000000080000000, 0x000000008b500000, 0x00000000d5580000)
  object space 185344K, 87% used [0x0000000080000000,0x0000000089f0fa70,0x000000008b500000)
 Metaspace       used 110710K, capacity 116476K, committed 116568K, reserved 1150976K
  class space    used 14274K, capacity 15422K, committed 15488K, reserved 1048576K
Event: 8678.964 GC heap after
Heap after GC invocations=29 (full 5):
 PSYoungGen      total 475136K, used 0K [0x00000000d5580000, 0x00000000fd900000, 0x0000000100000000)
  eden space 404480K, 0% used [0x00000000d5580000,0x00000000d5580000,0x00000000ee080000)
  from space 70656K, 0% used [0x00000000f4400000,0x00000000f4400000,0x00000000f8900000)
  to   space 101888K, 0% used [0x00000000ee080000,0x00000000ee080000,0x00000000f4400000)
 ParOldGen       total 275456K, used 160061K [0x0000000080000000, 0x0000000090d00000, 0x00000000d5580000)
  object space 275456K, 58% used [0x0000000080000000,0x0000000089c4f420,0x0000000090d00000)
 Metaspace       used 109738K, capacity 115214K, committed 116568K, reserved 1150976K
  class space    used 14162K, capacity 15215K, committed 15488K, reserved 1048576K
}
Event: 9047.645 GC heap before
{Heap before GC invocations=30 (full 5):
 PSYoungGen      total 475136K, used 404480K [0x00000000d5580000, 0x00000000fd900000, 0x0000000100000000)
  eden space 404480K, 100% used [0x00000000d5580000,0x00000000ee080000,0x00000000ee080000)
  from space 70656K, 0% used [0x00000000f4400000,0x00000000f4400000,0x00000000f8900000)
  to   space 101888K, 0% used [0x00000000ee080000,0x00000000ee080000,0x00000000f4400000)
 ParOldGen       total 275456K, used 160061K [0x0000000080000000, 0x0000000090d00000, 0x00000000d5580000)
  object space 275456K, 58% used [0x0000000080000000,0x0000000089c4f420,0x0000000090d00000)
 Metaspace       used 111086K, capacity 116804K, committed 117208K, reserved 1150976K
  class space    used 14322K, capacity 15408K, committed 15616K, reserved 1048576K
Event: 9047.702 GC heap after
Heap after GC invocations=30 (full 5):
 PSYoungGen      total 506368K, used 26553K [0x00000000d5580000, 0x00000000fe000000, 0x0000000100000000)
  eden space 404480K, 0% used [0x00000000d5580000,0x00000000d5580000,0x00000000ee080000)
  from space 101888K, 26% used [0x00000000ee080000,0x00000000efa6e670,0x00000000f4400000)
  to   space 97280K, 0% used [0x00000000f8100000,0x00000000f8100000,0x00000000fe000000)
 ParOldGen       total 275456K, used 160069K [0x0000000080000000, 0x0000000090d00000, 0x00000000d5580000)
  object space 275456K, 58% used [0x0000000080000000,0x0000000089c51420,0x0000000090d00000)
 Metaspace       used 111086K, capacity 116804K, committed 117208K, reserved 1150976K
  class space    used 14322K, capacity 15408K, committed 15616K, reserved 1048576K
}
Event: 11478.157 GC heap before
{Heap before GC invocations=31 (full 5):
 PSYoungGen      total 506368K, used 431033K [0x00000000d5580000, 0x00000000fe000000, 0x0000000100000000)
  eden space 404480K, 100% used [0x00000000d5580000,0x00000000ee080000,0x00000000ee080000)
  from space 101888K, 26% used [0x00000000ee080000,0x00000000efa6e670,0x00000000f4400000)
  to   space 97280K, 0% used [0x00000000f8100000,0x00000000f8100000,0x00000000fe000000)
 ParOldGen       total 275456K, used 160069K [0x0000000080000000, 0x0000000090d00000, 0x00000000d5580000)
  object space 275456K, 58% used [0x0000000080000000,0x0000000089c51420,0x0000000090d00000)
 Metaspace       used 114321K, capacity 120858K, committed 121048K, reserved 1155072K
  class space    used 14745K, capacity 16008K, committed 16128K, reserved 1048576K
Event: 11478.770 GC heap after
Heap after GC invocations=31 (full 5):
 PSYoungGen      total 541184K, used 28296K [0x00000000d5580000, 0x00000000fcd80000, 0x0000000100000000)
  eden space 462848K, 0% used [0x00000000d5580000,0x00000000d5580000,0x00000000f1980000)
  from space 78336K, 36% used [0x00000000f8100000,0x00000000f9ca20a8,0x00000000fcd80000)
  to   space 92160K, 0% used [0x00000000f1980000,0x00000000f1980000,0x00000000f7380000)
 ParOldGen       total 275456K, used 160077K [0x0000000080000000, 0x0000000090d00000, 0x00000000d5580000)
  object space 275456K, 58% used [0x0000000080000000,0x0000000089c53420,0x0000000090d00000)
 Metaspace       used 114321K, capacity 120858K, committed 121048K, reserved 1155072K
  class space    used 14745K, capacity 16008K, committed 16128K, reserved 1048576K
}
Event: 12017.595 GC heap before
{Heap before GC invocations=32 (full 5):
 PSYoungGen      total 541184K, used 491144K [0x00000000d5580000, 0x00000000fcd80000, 0x0000000100000000)
  eden space 462848K, 100% used [0x00000000d5580000,0x00000000f1980000,0x00000000f1980000)
  from space 78336K, 36% used [0x00000000f8100000,0x00000000f9ca20a8,0x00000000fcd80000)
  to   space 92160K, 0% used [0x00000000f1980000,0x00000000f1980000,0x00000000f7380000)
 ParOldGen       total 275456K, used 160077K [0x0000000080000000, 0x0000000090d00000, 0x00000000d5580000)
  object space 275456K, 58% used [0x0000000080000000,0x0000000089c53420,0x0000000090d00000)
 Metaspace       used 118897K, capacity 125904K, committed 126168K, reserved 1159168K
  class space    used 15284K, capacity 16591K, committed 16640K, reserved 1048576K
Event: 12017.758 GC heap after
Heap after GC invocations=32 (full 5):
 PSYoungGen      total 555008K, used 67319K [0x00000000d5580000, 0x0000000100000000, 0x0000000100000000)
  eden space 462848K, 0% used [0x00000000d5580000,0x00000000d5580000,0x00000000f1980000)
  from space 92160K, 73% used [0x00000000f1980000,0x00000000f5b3dd60,0x00000000f7380000)
  to   space 98304K, 0% used [0x00000000fa000000,0x00000000fa000000,0x0000000100000000)
 ParOldGen       total 275456K, used 160085K [0x0000000080000000, 0x0000000090d00000, 0x00000000d5580000)
  object space 275456K, 58% used [0x0000000080000000,0x0000000089c55420,0x0000000090d00000)
 Metaspace       used 118897K, capacity 125904K, committed 126168K, reserved 1159168K
  class space    used 15284K, capacity 16591K, committed 16640K, reserved 1048576K
}
Event: 12113.177 GC heap before
{Heap before GC invocations=33 (full 5):
 PSYoungGen      total 555008K, used 530167K [0x00000000d5580000, 0x0000000100000000, 0x0000000100000000)
  eden space 462848K, 100% used [0x00000000d5580000,0x00000000f1980000,0x00000000f1980000)
  from space 92160K, 73% used [0x00000000f1980000,0x00000000f5b3dd60,0x00000000f7380000)
  to   space 98304K, 0% used [0x00000000fa000000,0x00000000fa000000,0x0000000100000000)
 ParOldGen       total 275456K, used 160085K [0x0000000080000000, 0x0000000090d00000, 0x00000000d5580000)
  object space 275456K, 58% used [0x0000000080000000,0x0000000089c55420,0x0000000090d00000)
 Metaspace       used 119424K, capacity 126644K, committed 126808K, reserved 1159168K
  class space    used 15334K, capacity 16649K, committed 16768K, reserved 1048576K

